[debug] [2020-02-11T05:55:35.084Z] ----------------------------------------------------------------------
[debug] [2020-02-11T05:55:35.086Z] Command:       C:\Program Files\nodejs\node.exe C:\Users\Heart\AppData\Roaming\npm\node_modules\firebase-tools\lib\bin\firebase.js init
[debug] [2020-02-11T05:55:35.086Z] CLI Version:   7.12.1
[debug] [2020-02-11T05:55:35.086Z] Platform:      win32
[debug] [2020-02-11T05:55:35.086Z] Node Version:  v12.15.0
[debug] [2020-02-11T05:55:35.086Z] Time:          Tue Feb 11 2020 11:25:35 GMT+0530 (India Standard Time)
[debug] [2020-02-11T05:55:35.086Z] ----------------------------------------------------------------------
[debug] [2020-02-11T05:55:35.086Z] 
[debug] [2020-02-11T05:55:35.092Z] > command requires scopes: ["email","openid","https://www.googleapis.com/auth/cloudplatformprojects.readonly","https://www.googleapis.com/auth/firebase","https://www.googleapis.com/auth/cloud-platform"]
[debug] [2020-02-11T05:55:35.093Z] > authorizing via signed-in user
[info] 
     ######## #### ########  ######## ########     ###     ######  ########
     ##        ##  ##     ## ##       ##     ##  ##   ##  ##       ##
     ######    ##  ########  ######   ########  #########  ######  ######
     ##        ##  ##    ##  ##       ##     ## ##     ##       ## ##
     ##       #### ##     ## ######## ########  ##     ##  ######  ########

You're about to initialize a Firebase project in this directory:

  C:\Users\Heart\AndroidStudioProjects\CYTRACKING2

[debug] [2020-02-11T06:22:02.804Z] Error: kill ENOSYS
    at process.kill (internal/process/per_thread.js:189:13)
    at process.listener (C:\Users\Heart\AppData\Roaming\npm\node_modules\firebase-tools\node_modules\signal-exit\index.js:95:15)
    at process.emit (events.js:223:5)
[error] 
[error] Error: An unexpected error has occurred.
